2022-04-19 20:38:28:3828 [35mhttp[39m: [35mPOST /api/auth/sign-up 400 189 - 6.346 ms[39m
[35m[39m
2022-04-19 20:40:04:404 [35mhttp[39m: [35mPOST /api/auth/sign-up 400 66 - 1.572 ms[39m
[35m[39m
2022-04-19 20:41:03:413 [35mhttp[39m: [35mPOST /api/auth/sign-up 400 66 - 5.357 ms[39m
[35m[39m
2022-04-19 20:41:26:4126 [35mhttp[39m: [35mPOST /api/auth/sign-up 400 66 - 5.046 ms[39m
[35m[39m
2022-04-19 20:42:01:421 [35mhttp[39m: [35mPOST /api/auth/sign-up 400 99 - 5.367 ms[39m
[35m[39m
2022-04-19 20:42:33:4233 [35mhttp[39m: [35mPOST /api/auth/sign-up 400 53 - 1.203 ms[39m
[35m[39m
2022-04-19 20:43:59:4359 [35mhttp[39m: [35mPOST /api/auth/sign-up 400 161 - 8.169 ms[39m
[35m[39m
2022-04-19 20:44:33:4433 [35mhttp[39m: [35mPOST /api/auth/sign-up 400 161 - 1.087 ms[39m
[35m[39m
2022-04-19 20:44:44:4444 [35mhttp[39m: [35mPOST /api/auth/sign-up 400 161 - 0.648 ms[39m
[35m[39m
2022-04-19 20:45:04:454 [35mhttp[39m: [35mPOST /api/auth/sign-up 400 238 - 1.095 ms[39m
[35m[39m
2022-04-19 20:45:39:4539 [35mhttp[39m: [35mPOST /api/auth/sign-up 400 161 - 0.578 ms[39m
[35m[39m
2022-04-19 20:46:11:4611 [35mhttp[39m: [35mPOST /api/auth/sign-up 400 90 - 0.629 ms[39m
[35m[39m
2022-04-19 20:47:00:470 [35mhttp[39m: [35mPOST /api/auth/sign-up 400 89 - 0.498 ms[39m
[35m[39m
2022-04-19 20:47:10:4710 [35mhttp[39m: [35mPOST /api/auth/sign-up 400 89 - 0.677 ms[39m
[35m[39m
2022-04-19 20:47:49:4749 [35mhttp[39m: [35mPOST /api/auth/sign-up 400 54 - 0.813 ms[39m
[35m[39m
2022-04-19 20:47:56:4756 [35mhttp[39m: [35mPOST /api/auth/sign-up 400 79 - 1.682 ms[39m
[35m[39m
2022-04-19 20:48:22:4822 [35mhttp[39m: [35mPOST /api/auth/sign-up 201 - - 94.659 ms[39m
[35m[39m
2022-04-19 20:48:24:4824 [35mhttp[39m: [35mPOST /api/auth/sign-up 500 56 - 13.702 ms[39m
[35m[39m
2022-04-19 20:49:04:494 [35mhttp[39m: [35mPOST /api/auth/sign-up 500 56 - 104.771 ms[39m
[35m[39m
2022-04-19 20:51:22:5122 [35mhttp[39m: [35mPOST /api/auth/sign-up 500 56 - 18.068 ms[39m
[35m[39m
2022-04-19 20:52:05:525 [35mhttp[39m: [35mPOST /api/auth/sign-up 500 56 - 110.787 ms[39m
[35m[39m
2022-04-19 20:57:15:5715 [35mhttp[39m: [35mPOST /api/auth/sign-up 400 47 - 108.443 ms[39m
[35m[39m
2022-04-19 20:57:18:5718 [35mhttp[39m: [35mPOST /api/auth/sign-up 400 47 - 11.341 ms[39m
[35m[39m
2022-04-19 20:57:32:5732 [35mhttp[39m: [35mPOST /api/auth/sign-up 400 56 - 1.628 ms[39m
[35m[39m
2022-04-19 21:11:09:119 [35mhttp[39m: [35mPOST /api/auth/sign-up 400 47 - 100.602 ms[39m
[35m[39m
2022-04-19 21:11:14:1114 [35mhttp[39m: [35mPOST /api/auth/sign-up 400 180 - 1.692 ms[39m
[35m[39m
2022-04-19 21:13:31:1331 [35mhttp[39m: [35mPOST /api/auth/sign-up 400 191 - 5.340 ms[39m
[35m[39m
2022-04-19 21:13:45:1345 [35mhttp[39m: [35mPOST /api/auth/sign-in 200 2 - 100.362 ms[39m
[35m[39m
2022-04-19 21:14:21:1421 [35mhttp[39m: [35mPOST /api/auth/sign-in 500 56 - 2.143 ms[39m
[35m[39m
2022-04-19 21:15:06:156 [35mhttp[39m: [35mPOST /api/auth/sign-in 500 56 - 92.279 ms[39m
[35m[39m
2022-04-19 21:16:14:1614 [35mhttp[39m: [35mPOST /api/auth/sign-in 500 56 - 2.767 ms[39m
[35m[39m
2022-04-19 21:17:06:176 [35mhttp[39m: [35mPOST /api/auth/sign-in 500 56 - 3.373 ms[39m
[35m[39m
2022-04-19 21:17:31:1731 [35mhttp[39m: [35mPOST /api/auth/sign-in 400 74 - 90.026 ms[39m
[35m[39m
2022-04-19 21:18:58:1858 [35mhttp[39m: [35mPOST /api/auth/sign-in 400 74 - 94.796 ms[39m
[35m[39m
2022-04-19 21:19:08:198 [35mhttp[39m: [35mPOST /api/auth/sign-in 400 74 - 105.394 ms[39m
[35m[39m
2022-04-19 21:19:49:1949 [35mhttp[39m: [35mPOST /api/auth/sign-in 400 74 - 103.247 ms[39m
[35m[39m
2022-04-19 21:19:53:1953 [35mhttp[39m: [35mPOST /api/auth/sign-in 200 2 - 11.652 ms[39m
[35m[39m
2022-04-19 21:20:22:2022 [35mhttp[39m: [35mGET /api/tasks 404 43 - 0.625 ms[39m
[35m[39m
2022-04-19 21:20:45:2045 [35mhttp[39m: [35mGET /api/tasks 404 43 - 0.408 ms[39m
[35m[39m
2022-04-19 21:20:59:2059 [35mhttp[39m: [35mGET /api/tasks 404 43 - 0.344 ms[39m
[35m[39m
2022-04-19 21:21:30:2130 [35mhttp[39m: [35mGET /api/tasks 404 43 - 3.468 ms[39m
[35m[39m
2022-04-19 21:23:30:2330 [35mhttp[39m: [35mGET /api/tasks 404 43 - 3.857 ms[39m
[35m[39m
2022-04-19 21:23:55:2355 [35mhttp[39m: [35mGET /api/tasks 404 43 - 3.386 ms[39m
[35m[39m
2022-04-19 21:26:53:2653 [35mhttp[39m: [35mGET /api/task/ 404 43 - 5.163 ms[39m
[35m[39m
2022-04-19 21:27:13:2713 [35mhttp[39m: [35mGET /api/tasks/ 200 12 - 89.759 ms[39m
[35m[39m
2022-04-19 21:27:16:2716 [35mhttp[39m: [35mGET /api/tasks 200 12 - 1.879 ms[39m
[35m[39m
2022-04-19 21:27:36:2736 [35mhttp[39m: [35mGET /api/sign-out 404 43 - 0.526 ms[39m
[35m[39m
2022-04-19 21:27:41:2741 [35mhttp[39m: [35mGET /api/auth/sign-out 405 46 - 0.917 ms[39m
[35m[39m
2022-04-19 21:27:44:2744 [35mhttp[39m: [35mPOST /api/auth/sign-out 200 2 - 0.676 ms[39m
[35m[39m
2022-04-19 21:30:15:3015 [35mhttp[39m: [35mPOST /api/auth/sign-in 400 74 - 93.697 ms[39m
[35m[39m
2022-04-19 21:30:36:3036 [35mhttp[39m: [35mPOST /api/auth/sign-in 400 74 - 2.206 ms[39m
[35m[39m
2022-04-19 21:30:52:3052 [35mhttp[39m: [35mPOST /api/auth/sign-in 500 36 - 2.550 ms[39m
[35m[39m
2022-04-19 21:31:25:3125 [35mhttp[39m: [35mPOST /api/auth/sign-in 500 36 - 124.863 ms[39m
[35m[39m
2022-04-19 21:35:00:350 [35mhttp[39m: [35mPOST /api/auth/sign-in 200 2 - 99.332 ms[39m
[35m[39m
2022-04-19 21:35:18:3518 [35mhttp[39m: [35mGET /api/tasks 200 236 - 3.329 ms[39m
[35m[39m
2022-04-19 21:39:06:396 [35mhttp[39m: [35mGET /api/tasks 200 12 - 96.182 ms[39m
[35m[39m
2022-04-19 21:39:22:3922 [35mhttp[39m: [35mPOST /api/auth/sign-in 200 2 - 13.691 ms[39m
[35m[39m
2022-04-19 21:39:29:3929 [35mhttp[39m: [35mPOST /api/tasks 405 46 - 1.860 ms[39m
[35m[39m
2022-04-19 21:39:34:3934 [35mhttp[39m: [35mGET /api/tasks 200 2221 - 2.439 ms[39m
[35m[39m
2022-04-19 21:40:21:4021 [35mhttp[39m: [35mGET /api/tasks/cl26hpdfg00108idbyvrbv9hm 200 219 - 2.385 ms[39m
[35m[39m
2022-04-19 21:40:49:4049 [35mhttp[39m: [35mPUT /api/tasks/cl26hpdfg00108idbyvrbv9hm 405 46 - 0.431 ms[39m
[35m[39m
2022-04-19 21:40:53:4053 [35mhttp[39m: [35mPATCH /api/tasks/cl26hpdfg00108idbyvrbv9hm 405 46 - 0.433 ms[39m
[35m[39m
2022-04-19 21:42:56:4256 [35mhttp[39m: [35mPATCH /api/tasks/cl26hpdfg00108idbyvrbv9hm 405 46 - 0.359 ms[39m
[35m[39m
2022-04-19 21:43:43:4343 [35mhttp[39m: [35mPATCH /api/tasks/cl26hpdfg00108idbyvrbv9hm 405 46 - 4.387 ms[39m
[35m[39m
2022-04-19 21:44:05:445 [35mhttp[39m: [35mPATCH /api/tasks/cl26hpdfg00108idbyvrbv9hm 405 46 - 3.678 ms[39m
[35m[39m
2022-04-19 21:49:08:498 [35mhttp[39m: [35mPATCH /api/tasks/cl26hpdfg00108idbyvrbv9hm 400 683 - 15.029 ms[39m
[35m[39m
2022-04-19 21:53:17:5317 [35mhttp[39m: [35mPATCH /api/tasks/cl26hpdfg00108idbyvrbv9hm 400 623 - 17.976 ms[39m
[35m[39m
2022-04-19 21:54:28:5428 [35mhttp[39m: [35mPATCH /api/tasks/cl26hpdfg00108idbyvrbv9hm 200 216 - 89.554 ms[39m
[35m[39m
2022-04-19 21:55:04:554 [35mhttp[39m: [35mPOST /api/tasks/cl26hpdfg00108idbyvrbv9hm 200 213 - 3.789 ms[39m
[35m[39m
2022-04-19 21:55:43:5543 [35mhttp[39m: [35mPOST /api/tasks/cl26hpdfg00108idbyvrbv9hm 200 227 - 2.745 ms[39m
[35m[39m
2022-04-19 21:55:51:5551 [35mhttp[39m: [35mPOST /api/tasks/cl26hpdfg00108idbyvrbv9hm 400 205 - 3.136 ms[39m
[35m[39m
2022-04-19 21:55:59:5559 [35mhttp[39m: [35mPOST /api/tasks/cl26hpdfg00108idbyvrbv9hm 400 202 - 0.813 ms[39m
[35m[39m
2022-04-19 21:56:05:565 [35mhttp[39m: [35mPOST /api/tasks/cl26hpdfg00108idbyvrbv9hm 400 696 - 1.101 ms[39m
[35m[39m
2022-04-19 21:56:14:5614 [35mhttp[39m: [35mPOST /api/tasks/cl26hpdfg00108idbyvrbv9hm 400 636 - 1.375 ms[39m
[35m[39m
2022-04-19 21:56:38:5638 [35mhttp[39m: [35mDELETE /api/tasks/cl26hpdfg00108idbyvrbv9hm 200 216 - 2.435 ms[39m
[35m[39m
2022-04-19 22:05:30:530 [35mhttp[39m: [35mGET /api/tasks/cl26hpdfg00108idbyvrbv9hm 200 13 - 88.477 ms[39m
[35m[39m
2022-04-19 22:05:57:557 [35mhttp[39m: [35mGET /api/tasks 200 2434 - 2.563 ms[39m
[35m[39m
2022-04-19 22:06:09:69 [35mhttp[39m: [35mPOST /api/tasks 404 43 - 1.854 ms[39m
[35m[39m
2022-04-19 22:06:33:633 [35mhttp[39m: [35mPOST /api/tasks 404 43 - 0.622 ms[39m
[35m[39m
2022-04-19 22:06:46:646 [35mhttp[39m: [35mPOST /api/tasks/ 404 43 - 0.474 ms[39m
[35m[39m
2022-04-19 22:07:43:743 [35mhttp[39m: [35mPOST /api/tasks 200 2653 - 97.807 ms[39m
[35m[39m
2022-04-19 22:08:13:813 [35mhttp[39m: [35mPOST /api/tasks/cl26iq7m60000w3dbb86sx0yv 404 43 - 2.084 ms[39m
[35m[39m
2022-04-19 22:08:19:819 [35mhttp[39m: [35mGET /api/tasks/cl26iq7m60000w3dbb86sx0yv 200 227 - 2.118 ms[39m
[35m[39m
2022-04-19 22:08:31:831 [35mhttp[39m: [35mPATCH /api/tasks/cl26iq7m60000w3dbb86sx0yv 200 2654 - 4.611 ms[39m
[35m[39m
2022-04-19 22:08:47:847 [35mhttp[39m: [35mDELETE /api/tasks/cl26iq7m60000w3dbb86sx0yv 200 2434 - 3.198 ms[39m
[35m[39m
